# JRE version: Java(TM) SE Runtime Environment (8.0_251-b08) (build 1.8.0_251-b08)
# Java VM: Java HotSpot(TM) 64-Bit Server VM (25.251-b08 mixed mode windows-amd64 compressed oops)
Heap:
 PSYoungGen      total 83456K, used 55674K [0x0000000781380000, 0x0000000788100000, 0x00000007c0000000)
  eden space 77312K, 64% used [0x0000000781380000,0x000000078445e4a8,0x0000000785f00000)
  from space 6144K, 91% used [0x0000000787b00000,0x00000007880805d8,0x0000000788100000)
  to   space 7680K, 0% used [0x0000000787200000,0x0000000787200000,0x0000000787980000)
 ParOldGen       total 78848K, used 7868K [0x0000000703a00000, 0x0000000708700000, 0x0000000781380000)
  object space 78848K, 9% used [0x0000000703a00000,0x00000007041af078,0x0000000708700000)
 Metaspace       used 28810K, capacity 30238K, committed 30464K, reserved 1077248K
  class space    used 3753K, capacity 4079K, committed 4096K, reserved 1048576K
GC Heap History (10 events):
Event: 3.030 GC heap before
{Heap before GC invocations=1 (full 0):
 PSYoungGen      total 56832K, used 49152K [0x0000000781380000, 0x0000000785280000, 0x00000007c0000000)
  eden space 49152K, 100% used [0x0000000781380000,0x0000000784380000,0x0000000784380000)
  from space 7680K, 0% used [0x0000000784b00000,0x0000000784b00000,0x0000000785280000)
  to   space 7680K, 0% used [0x0000000784380000,0x0000000784380000,0x0000000784b00000)
 ParOldGen       total 130048K, used 0K [0x0000000703a00000, 0x000000070b900000, 0x0000000781380000)
  object space 130048K, 0% used [0x0000000703a00000,0x0000000703a00000,0x000000070b900000)
 Metaspace       used 11801K, capacity 11950K, committed 12160K, reserved 1060864K
  class space    used 1328K, capacity 1407K, committed 1408K, reserved 1048576K
Event: 3.045 GC heap after
Heap after GC invocations=1 (full 0):
 PSYoungGen      total 56832K, used 7192K [0x0000000781380000, 0x0000000785280000, 0x00000007c0000000)
  eden space 49152K, 0% used [0x0000000781380000,0x0000000781380000,0x0000000784380000)
  from space 7680K, 93% used [0x0000000784380000,0x0000000784a86228,0x0000000784b00000)
  to   space 7680K, 0% used [0x0000000784b00000,0x0000000784b00000,0x0000000785280000)
 ParOldGen       total 130048K, used 80K [0x0000000703a00000, 0x000000070b900000, 0x0000000781380000)
  object space 130048K, 0% used [0x0000000703a00000,0x0000000703a14010,0x000000070b900000)
 Metaspace       used 11801K, capacity 11950K, committed 12160K, reserved 1060864K
  class space    used 1328K, capacity 1407K, committed 1408K, reserved 1048576K
}
Event: 5.925 GC heap before
{Heap before GC invocations=2 (full 0):
 PSYoungGen      total 56832K, used 56344K [0x0000000781380000, 0x0000000785280000, 0x00000007c0000000)
  eden space 49152K, 100% used [0x0000000781380000,0x0000000784380000,0x0000000784380000)
  from space 7680K, 93% used [0x0000000784380000,0x0000000784a86228,0x0000000784b00000)
  to   space 7680K, 0% used [0x0000000784b00000,0x0000000784b00000,0x0000000785280000)
 ParOldGen       total 130048K, used 80K [0x0000000703a00000, 0x000000070b900000, 0x0000000781380000)
  object space 130048K, 0% used [0x0000000703a00000,0x0000000703a14010,0x000000070b900000)
 Metaspace       used 19365K, capacity 19884K, committed 20224K, reserved 1067008K
  class space    used 2325K, capacity 2484K, committed 2560K, reserved 1048576K
Event: 5.947 GC heap after
Heap after GC invocations=2 (full 0):
 PSYoungGen      total 56832K, used 7656K [0x0000000781380000, 0x0000000785280000, 0x00000007c0000000)
  eden space 49152K, 0% used [0x0000000781380000,0x0000000781380000,0x0000000784380000)
  from space 7680K, 99% used [0x0000000784b00000,0x000000078527a308,0x0000000785280000)
  to   space 7680K, 0% used [0x0000000784380000,0x0000000784380000,0x0000000784b00000)
 ParOldGen       total 130048K, used 2507K [0x0000000703a00000, 0x000000070b900000, 0x0000000781380000)
  object space 130048K, 1% used [0x0000000703a00000,0x0000000703c72f40,0x000000070b900000)
 Metaspace       used 19365K, capacity 19884K, committed 20224K, reserved 1067008K
  class space    used 2325K, capacity 2484K, committed 2560K, reserved 1048576K
}
Event: 6.239 GC heap before
{Heap before GC invocations=3 (full 0):
 PSYoungGen      total 56832K, used 16141K [0x0000000781380000, 0x0000000785280000, 0x00000007c0000000)
  eden space 49152K, 17% used [0x0000000781380000,0x0000000781bc91e8,0x0000000784380000)
  from space 7680K, 99% used [0x0000000784b00000,0x000000078527a308,0x0000000785280000)
  to   space 7680K, 0% used [0x0000000784380000,0x0000000784380000,0x0000000784b00000)
 ParOldGen       total 130048K, used 2507K [0x0000000703a00000, 0x000000070b900000, 0x0000000781380000)
  object space 130048K, 1% used [0x0000000703a00000,0x0000000703c72f40,0x000000070b900000)
 Metaspace       used 20614K, capacity 21170K, committed 21296K, reserved 1069056K
  class space    used 2495K, capacity 2677K, committed 2688K, reserved 1048576K
Event: 6.258 GC heap after
Heap after GC invocations=3 (full 0):
 PSYoungGen      total 56832K, used 7652K [0x0000000781380000, 0x0000000788280000, 0x00000007c0000000)
  eden space 49152K, 0% used [0x0000000781380000,0x0000000781380000,0x0000000784380000)
  from space 7680K, 99% used [0x0000000784380000,0x0000000784af91b0,0x0000000784b00000)
  to   space 7680K, 0% used [0x0000000787b00000,0x0000000787b00000,0x0000000788280000)
 ParOldGen       total 130048K, used 2515K [0x0000000703a00000, 0x000000070b900000, 0x0000000781380000)
  object space 130048K, 1% used [0x0000000703a00000,0x0000000703c74f40,0x000000070b900000)
 Metaspace       used 20614K, capacity 21170K, committed 21296K, reserved 1069056K
  class space    used 2495K, capacity 2677K, committed 2688K, reserved 1048576K
}
Event: 6.258 GC heap before
{Heap before GC invocations=4 (full 1):
 PSYoungGen      total 56832K, used 7652K [0x0000000781380000, 0x0000000788280000, 0x00000007c0000000)
  eden space 49152K, 0% used [0x0000000781380000,0x0000000781380000,0x0000000784380000)
  from space 7680K, 99% used [0x0000000784380000,0x0000000784af91b0,0x0000000784b00000)
  to   space 7680K, 0% used [0x0000000787b00000,0x0000000787b00000,0x0000000788280000)
 ParOldGen       total 130048K, used 2515K [0x0000000703a00000, 0x000000070b900000, 0x0000000781380000)
  object space 130048K, 1% used [0x0000000703a00000,0x0000000703c74f40,0x000000070b900000)
 Metaspace       used 20614K, capacity 21170K, committed 21296K, reserved 1069056K
  class space    used 2495K, capacity 2677K, committed 2688K, reserved 1048576K
Event: 6.345 GC heap after
Heap after GC invocations=4 (full 1):
 PSYoungGen      total 56832K, used 0K [0x0000000781380000, 0x0000000788280000, 0x00000007c0000000)
  eden space 49152K, 0% used [0x0000000781380000,0x0000000781380000,0x0000000784380000)
  from space 7680K, 0% used [0x0000000784380000,0x0000000784380000,0x0000000784b00000)
  to   space 7680K, 0% used [0x0000000787b00000,0x0000000787b00000,0x0000000788280000)
 ParOldGen       total 78848K, used 7860K [0x0000000703a00000, 0x0000000708700000, 0x0000000781380000)
  object space 78848K, 9% used [0x0000000703a00000,0x00000007041ad078,0x0000000708700000)
 Metaspace       used 20614K, capacity 21170K, committed 21296K, reserved 1069056K
  class space    used 2495K, capacity 2677K, committed 2688K, reserved 1048576K
}
Event: 10.693 GC heap before
{Heap before GC invocations=5 (full 1):
 PSYoungGen      total 56832K, used 39826K [0x0000000781380000, 0x0000000788280000, 0x00000007c0000000)
  eden space 49152K, 81% used [0x0000000781380000,0x0000000783a64960,0x0000000784380000)
  from space 7680K, 0% used [0x0000000784380000,0x0000000784380000,0x0000000784b00000)
  to   space 7680K, 0% used [0x0000000787b00000,0x0000000787b00000,0x0000000788280000)
 ParOldGen       total 78848K, used 7860K [0x0000000703a00000, 0x0000000708700000, 0x0000000781380000)
  object space 78848K, 9% used [0x0000000703a00000,0x00000007041ad078,0x0000000708700000)
 Metaspace       used 26289K, capacity 27332K, committed 27520K, reserved 1073152K
  class space    used 3334K, capacity 3602K, committed 3712K, reserved 1048576K
Event: 10.711 GC heap after
Heap after GC invocations=5 (full 1):
 PSYoungGen      total 83456K, used 5633K [0x0000000781380000, 0x0000000788100000, 0x00000007c0000000)
  eden space 77312K, 0% used [0x0000000781380000,0x0000000781380000,0x0000000785f00000)
  from space 6144K, 91% used [0x0000000787b00000,0x00000007880805d8,0x0000000788100000)
  to   space 7680K, 0% used [0x0000000787200000,0x0000000787200000,0x0000000787980000)
 ParOldGen       total 78848K, used 7868K [0x0000000703a00000, 0x0000000708700000, 0x0000000781380000)
  object space 78848K, 9% used [0x0000000703a00000,0x00000007041af078,0x0000000708700000)
 Metaspace       used 26289K, capacity 27332K, committed 27520K, reserved 1073152K
  class space    used 3334K, capacity 3602K, committed 3712K, reserved 1048576K
}

