# JRE version: Java(TM) SE Runtime Environment (8.0_251-b08) (build 1.8.0_251-b08)
# Java VM: Java HotSpot(TM) 64-Bit Server VM (25.251-b08 mixed mode windows-amd64 compressed oops)
Heap:
 PSYoungGen      total 82944K, used 30929K [0x0000000781380000, 0x0000000788080000, 0x00000007c0000000)
  eden space 77312K, 32% used [0x0000000781380000,0x0000000782c40690,0x0000000785f00000)
  from space 5632K, 99% used [0x0000000787b00000,0x0000000788073f20,0x0000000788080000)
  to   space 7680K, 0% used [0x0000000787180000,0x0000000787180000,0x0000000787900000)
 ParOldGen       total 78848K, used 7880K [0x0000000703a00000, 0x0000000708700000, 0x0000000781380000)
  object space 78848K, 9% used [0x0000000703a00000,0x00000007041b22e8,0x0000000708700000)
 Metaspace       used 27233K, capacity 28364K, committed 28672K, reserved 1075200K
  class space    used 3488K, capacity 3762K, committed 3840K, reserved 1048576K
GC Heap History (10 events):
Event: 0.897 GC heap before
{Heap before GC invocations=1 (full 0):
 PSYoungGen      total 56832K, used 49152K [0x0000000781380000, 0x0000000785280000, 0x00000007c0000000)
  eden space 49152K, 100% used [0x0000000781380000,0x0000000784380000,0x0000000784380000)
  from space 7680K, 0% used [0x0000000784b00000,0x0000000784b00000,0x0000000785280000)
  to   space 7680K, 0% used [0x0000000784380000,0x0000000784380000,0x0000000784b00000)
 ParOldGen       total 130048K, used 0K [0x0000000703a00000, 0x000000070b900000, 0x0000000781380000)
  object space 130048K, 0% used [0x0000000703a00000,0x0000000703a00000,0x000000070b900000)
 Metaspace       used 11789K, capacity 11942K, committed 12160K, reserved 1060864K
  class space    used 1329K, capacity 1407K, committed 1408K, reserved 1048576K
Event: 0.901 GC heap after
Heap after GC invocations=1 (full 0):
 PSYoungGen      total 56832K, used 7292K [0x0000000781380000, 0x0000000785280000, 0x00000007c0000000)
  eden space 49152K, 0% used [0x0000000781380000,0x0000000781380000,0x0000000784380000)
  from space 7680K, 94% used [0x0000000784380000,0x0000000784a9f060,0x0000000784b00000)
  to   space 7680K, 0% used [0x0000000784b00000,0x0000000784b00000,0x0000000785280000)
 ParOldGen       total 130048K, used 80K [0x0000000703a00000, 0x000000070b900000, 0x0000000781380000)
  object space 130048K, 0% used [0x0000000703a00000,0x0000000703a14010,0x000000070b900000)
 Metaspace       used 11789K, capacity 11942K, committed 12160K, reserved 1060864K
  class space    used 1329K, capacity 1407K, committed 1408K, reserved 1048576K
}
Event: 1.540 GC heap before
{Heap before GC invocations=2 (full 0):
 PSYoungGen      total 56832K, used 56444K [0x0000000781380000, 0x0000000785280000, 0x00000007c0000000)
  eden space 49152K, 100% used [0x0000000781380000,0x0000000784380000,0x0000000784380000)
  from space 7680K, 94% used [0x0000000784380000,0x0000000784a9f060,0x0000000784b00000)
  to   space 7680K, 0% used [0x0000000784b00000,0x0000000784b00000,0x0000000785280000)
 ParOldGen       total 130048K, used 80K [0x0000000703a00000, 0x000000070b900000, 0x0000000781380000)
  object space 130048K, 0% used [0x0000000703a00000,0x0000000703a14010,0x000000070b900000)
 Metaspace       used 19371K, capacity 19880K, committed 20224K, reserved 1067008K
  class space    used 2325K, capacity 2484K, committed 2560K, reserved 1048576K
Event: 1.547 GC heap after
Heap after GC invocations=2 (full 0):
 PSYoungGen      total 56832K, used 7667K [0x0000000781380000, 0x0000000785280000, 0x00000007c0000000)
  eden space 49152K, 0% used [0x0000000781380000,0x0000000781380000,0x0000000784380000)
  from space 7680K, 99% used [0x0000000784b00000,0x000000078527cf78,0x0000000785280000)
  to   space 7680K, 0% used [0x0000000784380000,0x0000000784380000,0x0000000784b00000)
 ParOldGen       total 130048K, used 2580K [0x0000000703a00000, 0x000000070b900000, 0x0000000781380000)
  object space 130048K, 1% used [0x0000000703a00000,0x0000000703c85270,0x000000070b900000)
 Metaspace       used 19371K, capacity 19880K, committed 20224K, reserved 1067008K
  class space    used 2325K, capacity 2484K, committed 2560K, reserved 1048576K
}
Event: 1.605 GC heap before
{Heap before GC invocations=3 (full 0):
 PSYoungGen      total 56832K, used 15708K [0x0000000781380000, 0x0000000785280000, 0x00000007c0000000)
  eden space 49152K, 16% used [0x0000000781380000,0x0000000781b5a358,0x0000000784380000)
  from space 7680K, 99% used [0x0000000784b00000,0x000000078527cf78,0x0000000785280000)
  to   space 7680K, 0% used [0x0000000784380000,0x0000000784380000,0x0000000784b00000)
 ParOldGen       total 130048K, used 2580K [0x0000000703a00000, 0x000000070b900000, 0x0000000781380000)
  object space 130048K, 1% used [0x0000000703a00000,0x0000000703c85270,0x000000070b900000)
 Metaspace       used 20607K, capacity 21166K, committed 21296K, reserved 1069056K
  class space    used 2495K, capacity 2677K, committed 2688K, reserved 1048576K
Event: 1.610 GC heap after
Heap after GC invocations=3 (full 0):
 PSYoungGen      total 56832K, used 7587K [0x0000000781380000, 0x0000000788280000, 0x00000007c0000000)
  eden space 49152K, 0% used [0x0000000781380000,0x0000000781380000,0x0000000784380000)
  from space 7680K, 98% used [0x0000000784380000,0x0000000784ae8de0,0x0000000784b00000)
  to   space 7680K, 0% used [0x0000000787b00000,0x0000000787b00000,0x0000000788280000)
 ParOldGen       total 130048K, used 2588K [0x0000000703a00000, 0x000000070b900000, 0x0000000781380000)
  object space 130048K, 1% used [0x0000000703a00000,0x0000000703c87270,0x000000070b900000)
 Metaspace       used 20607K, capacity 21166K, committed 21296K, reserved 1069056K
  class space    used 2495K, capacity 2677K, committed 2688K, reserved 1048576K
}
Event: 1.610 GC heap before
{Heap before GC invocations=4 (full 1):
 PSYoungGen      total 56832K, used 7587K [0x0000000781380000, 0x0000000788280000, 0x00000007c0000000)
  eden space 49152K, 0% used [0x0000000781380000,0x0000000781380000,0x0000000784380000)
  from space 7680K, 98% used [0x0000000784380000,0x0000000784ae8de0,0x0000000784b00000)
  to   space 7680K, 0% used [0x0000000787b00000,0x0000000787b00000,0x0000000788280000)
 ParOldGen       total 130048K, used 2588K [0x0000000703a00000, 0x000000070b900000, 0x0000000781380000)
  object space 130048K, 1% used [0x0000000703a00000,0x0000000703c87270,0x000000070b900000)
 Metaspace       used 20607K, capacity 21166K, committed 21296K, reserved 1069056K
  class space    used 2495K, capacity 2677K, committed 2688K, reserved 1048576K
Event: 1.636 GC heap after
Heap after GC invocations=4 (full 1):
 PSYoungGen      total 56832K, used 0K [0x0000000781380000, 0x0000000788280000, 0x00000007c0000000)
  eden space 49152K, 0% used [0x0000000781380000,0x0000000781380000,0x0000000784380000)
  from space 7680K, 0% used [0x0000000784380000,0x0000000784380000,0x0000000784b00000)
  to   space 7680K, 0% used [0x0000000787b00000,0x0000000787b00000,0x0000000788280000)
 ParOldGen       total 78848K, used 7872K [0x0000000703a00000, 0x0000000708700000, 0x0000000781380000)
  object space 78848K, 9% used [0x0000000703a00000,0x00000007041b02e8,0x0000000708700000)
 Metaspace       used 20607K, capacity 21166K, committed 21296K, reserved 1069056K
  class space    used 2495K, capacity 2677K, committed 2688K, reserved 1048576K
}
Event: 2.875 GC heap before
{Heap before GC invocations=5 (full 1):
 PSYoungGen      total 56832K, used 39109K [0x0000000781380000, 0x0000000788280000, 0x00000007c0000000)
  eden space 49152K, 79% used [0x0000000781380000,0x00000007839b1468,0x0000000784380000)
  from space 7680K, 0% used [0x0000000784380000,0x0000000784380000,0x0000000784b00000)
  to   space 7680K, 0% used [0x0000000787b00000,0x0000000787b00000,0x0000000788280000)
 ParOldGen       total 78848K, used 7872K [0x0000000703a00000, 0x0000000708700000, 0x0000000781380000)
  object space 78848K, 9% used [0x0000000703a00000,0x00000007041b02e8,0x0000000708700000)
 Metaspace       used 26281K, capacity 27320K, committed 27520K, reserved 1073152K
  class space    used 3334K, capacity 3602K, committed 3712K, reserved 1048576K
Event: 2.878 GC heap after
Heap after GC invocations=5 (full 1):
 PSYoungGen      total 82944K, used 5583K [0x0000000781380000, 0x0000000788080000, 0x00000007c0000000)
  eden space 77312K, 0% used [0x0000000781380000,0x0000000781380000,0x0000000785f00000)
  from space 5632K, 99% used [0x0000000787b00000,0x0000000788073f20,0x0000000788080000)
  to   space 7680K, 0% used [0x0000000787180000,0x0000000787180000,0x0000000787900000)
 ParOldGen       total 78848K, used 7880K [0x0000000703a00000, 0x0000000708700000, 0x0000000781380000)
  object space 78848K, 9% used [0x0000000703a00000,0x00000007041b22e8,0x0000000708700000)
 Metaspace       used 26281K, capacity 27320K, committed 27520K, reserved 1073152K
  class space    used 3334K, capacity 3602K, committed 3712K, reserved 1048576K
}

