<?xml version="1.0" encoding="UTF-8"?>
<!-- Generated by org.testng.reporters.JUnitXMLReporter -->
<testsuite hostname="JAKFAR-YAKUB" ignored="0" name="Test" tests="4" failures="0" timestamp="2022-06-14T14:41:32 ICT" time="21.626" errors="0">
  <testcase name="testLoginFailedWrongPassword" time="0.966" classname="qaautomation.may2022.WebTestAfterPOM"/>
  <testcase name="testLogin" time="0.936" classname="qaautomation.may2022.WebTestAfterPOM"/>
  <testcase name="testLoginFailedWrongUsernameandPassword" time="0.829" classname="qaautomation.may2022.WebTestAfterPOM"/>
  <testcase name="testLoginFailedWrongUsername" time="0.834" classname="qaautomation.may2022.WebTestAfterPOM"/>
</testsuite> <!-- Test -->
