<?xml version="1.0" encoding="UTF-8"?>
<testng-results skipped="0" failed="0" ignored="0" total="1" passed="1">
  <reporter-output>
  </reporter-output>
  <suite name="Default suite" duration-ms="4194" started-at="2022-06-26T16:03:32 ICT" finished-at="2022-06-26T16:03:36 ICT">
    <groups>
    </groups>
    <test name="Default test" duration-ms="4194" started-at="2022-06-26T16:03:32 ICT" finished-at="2022-06-26T16:03:36 ICT">
      <class name="qaautomation.may2022.GraphQLTest">
        <test-method status="PASS" signature="checkCEO()[pri:0, instance:qaautomation.may2022.GraphQLTest@441772e]" name="checkCEO" duration-ms="4094" started-at="2022-06-26T16:03:32 ICT" finished-at="2022-06-26T16:03:36 ICT">
          <reporter-output>
          </reporter-output>
        </test-method> <!-- checkCEO -->
      </class> <!-- qaautomation.may2022.GraphQLTest -->
    </test> <!-- Default test -->
  </suite> <!-- Default suite -->
</testng-results>
